{"/Users/macbook/Documents/github/chat.susi.ai/src/ChatExampleDataServer.js": {"path":"/Users/macbook/Documents/github/chat.susi.ai/src/ChatExampleDataServer.js","statementMap":{"0":{"start":{"line":2,"column":22},"end":{"line":2,"column":25}},"1":{"start":{"line":4,"column":15},"end":{"line":12,"column":4}},"2":{"start":{"line":14,"column":20},"end":{"line":20,"column":4}},"3":{"start":{"line":15,"column":12},"end":{"line":15,"column":14}},"4":{"start":{"line":16,"column":2},"end":{"line":18,"column":5}},"5":{"start":{"line":17,"column":4},"end":{"line":17,"column":31}},"6":{"start":{"line":19,"column":2},"end":{"line":19,"column":13}},"7":{"start":{"line":23,"column":2},"end":{"line":25,"column":22}},"8":{"start":{"line":24,"column":4},"end":{"line":24,"column":23}},"9":{"start":{"line":30,"column":18},"end":{"line":30,"column":28}},"10":{"start":{"line":31,"column":11},"end":{"line":31,"column":27}},"11":{"start":{"line":32,"column":17},"end":{"line":32,"column":33}},"12":{"start":{"line":34,"column":23},"end":{"line":41,"column":3}},"13":{"start":{"line":44,"column":2},"end":{"line":44,"column":32}},"14":{"start":{"line":46,"column":2},"end":{"line":48,"column":22}},"15":{"start":{"line":47,"column":4},"end":{"line":47,"column":29}},"16":{"start":{"line":54,"column":2},"end":{"line":54,"column":25}},"17":{"start":{"line":57,"column":2},"end":{"line":59,"column":22}},"18":{"start":{"line":58,"column":4},"end":{"line":58,"column":22}}},"fnMap":{"0":{"name":"(anonymous_0)","decl":{"start":{"line":14,"column":21},"end":{"line":14,"column":22}},"loc":{"start":{"line":14,"column":33},"end":{"line":20,"column":1}},"line":14},"1":{"name":"(anonymous_1)","decl":{"start":{"line":16,"column":19},"end":{"line":16,"column":20}},"loc":{"start":{"line":16,"column":47},"end":{"line":18,"column":3}},"line":16},"2":{"name":"getMessages","decl":{"start":{"line":22,"column":16},"end":{"line":22,"column":27}},"loc":{"start":{"line":22,"column":38},"end":{"line":26,"column":1}},"line":22},"3":{"name":"(anonymous_3)","decl":{"start":{"line":23,"column":13},"end":{"line":23,"column":14}},"loc":{"start":{"line":23,"column":19},"end":{"line":25,"column":3}},"line":23},"4":{"name":"postMessage","decl":{"start":{"line":29,"column":16},"end":{"line":29,"column":27}},"loc":{"start":{"line":29,"column":47},"end":{"line":49,"column":1}},"line":29},"5":{"name":"(anonymous_5)","decl":{"start":{"line":46,"column":13},"end":{"line":46,"column":14}},"loc":{"start":{"line":46,"column":19},"end":{"line":48,"column":3}},"line":46},"6":{"name":"postSUSIMessage","decl":{"start":{"line":52,"column":16},"end":{"line":52,"column":31}},"loc":{"start":{"line":52,"column":51},"end":{"line":62,"column":1}},"line":52},"7":{"name":"(anonymous_7)","decl":{"start":{"line":57,"column":13},"end":{"line":57,"column":14}},"loc":{"start":{"line":57,"column":19},"end":{"line":59,"column":3}},"line":57}},"branchMap":{},"s":{"0":1,"1":1,"2":1,"3":1,"4":1,"5":1,"6":1,"7":0,"8":0,"9":0,"10":0,"11":0,"12":0,"13":0,"14":0,"15":0,"16":0,"17":0,"18":0},"f":{"0":1,"1":1,"2":0,"3":0,"4":0,"5":0,"6":0,"7":0},"b":{},"_coverageSchema":"332fd63041d2c1bcb487cc26dd0d5f7d97098a6c","hash":"83207aa93a145a028fd5d5f41eb5625c9e057482"}
,"/Users/macbook/Documents/github/chat.susi.ai/src/actions.js": {"path":"/Users/macbook/Documents/github/chat.susi.ai/src/actions.js","statementMap":{"0":{"start":{"line":7,"column":18},"end":{"line":7,"column":43}},"1":{"start":{"line":10,"column":16},"end":{"line":10,"column":77}},"2":{"start":{"line":11,"column":2},"end":{"line":14,"column":5}},"3":{"start":{"line":15,"column":2},"end":{"line":15,"column":41}},"4":{"start":{"line":19,"column":2},"end":{"line":23,"column":5}},"5":{"start":{"line":28,"column":2},"end":{"line":31,"column":5}},"6":{"start":{"line":35,"column":2},"end":{"line":38,"column":5}},"7":{"start":{"line":42,"column":19},"end":{"line":42,"column":29}},"8":{"start":{"line":44,"column":25},"end":{"line":51,"column":3}},"9":{"start":{"line":53,"column":2},"end":{"line":75,"column":5}},"10":{"start":{"line":62,"column":7},"end":{"line":62,"column":72}},"11":{"start":{"line":63,"column":23},"end":{"line":63,"column":92}},"12":{"start":{"line":65,"column":8},"end":{"line":68,"column":11}},"13":{"start":{"line":71,"column":6},"end":{"line":71,"column":31}},"14":{"start":{"line":72,"column":6},"end":{"line":72,"column":69}}},"fnMap":{"0":{"name":"createMessage","decl":{"start":{"line":9,"column":16},"end":{"line":9,"column":29}},"loc":{"start":{"line":9,"column":53},"end":{"line":16,"column":1}},"line":9},"1":{"name":"receiveCreatedMessage","decl":{"start":{"line":18,"column":16},"end":{"line":18,"column":37}},"loc":{"start":{"line":18,"column":69},"end":{"line":25,"column":1}},"line":18},"2":{"name":"clickThread","decl":{"start":{"line":27,"column":16},"end":{"line":27,"column":27}},"loc":{"start":{"line":27,"column":38},"end":{"line":32,"column":1}},"line":27},"3":{"name":"receiveAll","decl":{"start":{"line":34,"column":16},"end":{"line":34,"column":26}},"loc":{"start":{"line":34,"column":40},"end":{"line":39,"column":1}},"line":34},"4":{"name":"createSUSIMessage","decl":{"start":{"line":41,"column":16},"end":{"line":41,"column":33}},"loc":{"start":{"line":41,"column":67},"end":{"line":79,"column":1}},"line":41},"5":{"name":"(anonymous_5)","decl":{"start":{"line":61,"column":13},"end":{"line":61,"column":14}},"loc":{"start":{"line":61,"column":33},"end":{"line":69,"column":7}},"line":61},"6":{"name":"(anonymous_6)","decl":{"start":{"line":70,"column":11},"end":{"line":70,"column":12}},"loc":{"start":{"line":70,"column":33},"end":{"line":74,"column":5}},"line":70}},"branchMap":{},"s":{"0":1,"1":0,"2":0,"3":0,"4":0,"5":0,"6":0,"7":0,"8":0,"9":0,"10":0,"11":0,"12":0,"13":0,"14":0},"f":{"0":0,"1":0,"2":0,"3":0,"4":0,"5":0,"6":0},"b":{},"_coverageSchema":"332fd63041d2c1bcb487cc26dd0d5f7d97098a6c","hash":"a1fb0f5b0ebd4ea967aca4c547776f9f0693f0d3"}
,"/Users/macbook/Documents/github/chat.susi.ai/src/index.js": {"path":"/Users/macbook/Documents/github/chat.susi.ai/src/index.js","statementMap":{"0":{"start":{"line":1,"column":58},"end":{"line":1,"column":117}},"1":{"start":{"line":5,"column":496},"end":{"line":5,"column":550}},"2":{"start":{"line":7,"column":0},"end":{"line":7,"column":33}}},"fnMap":{"0":{"name":"_interopRequireDefault","decl":{"start":{"line":5,"column":467},"end":{"line":5,"column":489}},"loc":{"start":{"line":5,"column":495},"end":{"line":5,"column":551}},"line":5}},"branchMap":{"0":{"loc":{"start":{"line":5,"column":503},"end":{"line":5,"column":549}},"type":"cond-expr","locations":[{"start":{"line":5,"column":527},"end":{"line":5,"column":530}},{"start":{"line":5,"column":533},"end":{"line":5,"column":549}}],"line":5},"1":{"loc":{"start":{"line":5,"column":503},"end":{"line":5,"column":524}},"type":"binary-expr","locations":[{"start":{"line":5,"column":503},"end":{"line":5,"column":506}},{"start":{"line":5,"column":510},"end":{"line":5,"column":524}}],"line":5}},"s":{"0":0,"1":0,"2":0},"f":{"0":0},"b":{"0":[0,0],"1":[0,0]}}
,"/Users/macbook/Documents/github/chat.susi.ai/src/components/ChatApp.react.js": {"path":"/Users/macbook/Documents/github/chat.susi.ai/src/components/ChatApp.react.js","statementMap":{"0":{"start":{"line":8,"column":4},"end":{"line":12,"column":6}}},"fnMap":{"0":{"name":"(anonymous_0)","decl":{"start":{"line":7,"column":2},"end":{"line":7,"column":3}},"loc":{"start":{"line":7,"column":11},"end":{"line":13,"column":3}},"line":7}},"branchMap":{},"s":{"0":1},"f":{"0":1},"b":{},"_coverageSchema":"332fd63041d2c1bcb487cc26dd0d5f7d97098a6c","hash":"95beff0ba778656a4d87afaae39f5bc35894bda2"}
,"/Users/macbook/Documents/github/chat.susi.ai/src/components/MessageComposer.react.js": {"path":"/Users/macbook/Documents/github/chat.susi.ai/src/components/MessageComposer.react.js","statementMap":{"0":{"start":{"line":6,"column":21},"end":{"line":6,"column":23}},"1":{"start":{"line":11,"column":4},"end":{"line":11,"column":17}},"2":{"start":{"line":12,"column":4},"end":{"line":12,"column":28}},"3":{"start":{"line":15,"column":4},"end":{"line":15,"column":27}},"4":{"start":{"line":18,"column":4},"end":{"line":27,"column":6}},"5":{"start":{"line":25,"column":28},"end":{"line":25,"column":54}},"6":{"start":{"line":31,"column":4},"end":{"line":31,"column":46}},"7":{"start":{"line":35,"column":4},"end":{"line":42,"column":5}},"8":{"start":{"line":36,"column":6},"end":{"line":36,"column":29}},"9":{"start":{"line":37,"column":17},"end":{"line":37,"column":39}},"10":{"start":{"line":38,"column":6},"end":{"line":40,"column":7}},"11":{"start":{"line":39,"column":8},"end":{"line":39,"column":57}},"12":{"start":{"line":41,"column":6},"end":{"line":41,"column":32}},"13":{"start":{"line":48,"column":0},"end":{"line":50,"column":2}}},"fnMap":{"0":{"name":"(anonymous_0)","decl":{"start":{"line":10,"column":2},"end":{"line":10,"column":3}},"loc":{"start":{"line":10,"column":21},"end":{"line":13,"column":3}},"line":10},"1":{"name":"(anonymous_1)","decl":{"start":{"line":14,"column":2},"end":{"line":14,"column":3}},"loc":{"start":{"line":14,"column":21},"end":{"line":16,"column":3}},"line":14},"2":{"name":"(anonymous_2)","decl":{"start":{"line":17,"column":2},"end":{"line":17,"column":3}},"loc":{"start":{"line":17,"column":11},"end":{"line":28,"column":3}},"line":17},"3":{"name":"(anonymous_3)","decl":{"start":{"line":25,"column":13},"end":{"line":25,"column":14}},"loc":{"start":{"line":25,"column":26},"end":{"line":25,"column":56}},"line":25},"4":{"name":"(anonymous_4)","decl":{"start":{"line":30,"column":2},"end":{"line":30,"column":3}},"loc":{"start":{"line":30,"column":26},"end":{"line":32,"column":3}},"line":30},"5":{"name":"(anonymous_5)","decl":{"start":{"line":34,"column":2},"end":{"line":34,"column":3}},"loc":{"start":{"line":34,"column":20},"end":{"line":43,"column":3}},"line":34}},"branchMap":{"0":{"loc":{"start":{"line":35,"column":4},"end":{"line":42,"column":5}},"type":"if","locations":[{"start":{"line":35,"column":4},"end":{"line":42,"column":5}},{"start":{"line":35,"column":4},"end":{"line":42,"column":5}}],"line":35},"1":{"loc":{"start":{"line":38,"column":6},"end":{"line":40,"column":7}},"type":"if","locations":[{"start":{"line":38,"column":6},"end":{"line":40,"column":7}},{"start":{"line":38,"column":6},"end":{"line":40,"column":7}}],"line":38}},"s":{"0":1,"1":0,"2":0,"3":0,"4":0,"5":0,"6":0,"7":0,"8":0,"9":0,"10":0,"11":0,"12":0,"13":1},"f":{"0":0,"1":0,"2":0,"3":0,"4":0,"5":0},"b":{"0":[0,0],"1":[0,0]},"_coverageSchema":"332fd63041d2c1bcb487cc26dd0d5f7d97098a6c","hash":"c9211a4a667e3324aceed938b32111770e16f6e3"}
,"/Users/macbook/Documents/github/chat.susi.ai/src/components/MessageListItem.react.js": {"path":"/Users/macbook/Documents/github/chat.susi.ai/src/components/MessageListItem.react.js","statementMap":{"0":{"start":{"line":6,"column":31},"end":{"line":6,"column":107}},"1":{"start":{"line":6,"column":42},"end":{"line":6,"column":106}},"2":{"start":{"line":9,"column":17},"end":{"line":9,"column":27}},"3":{"start":{"line":11,"column":3},"end":{"line":21,"column":10}},"4":{"start":{"line":23,"column":2},"end":{"line":23,"column":13}},"5":{"start":{"line":29,"column":4},"end":{"line":29,"column":30}},"6":{"start":{"line":31,"column":4},"end":{"line":31,"column":36}},"7":{"start":{"line":38,"column":20},"end":{"line":38,"column":30}},"8":{"start":{"line":39,"column":26},"end":{"line":39,"column":49}},"9":{"start":{"line":40,"column":23},"end":{"line":40,"column":55}},"10":{"start":{"line":42,"column":4},"end":{"line":69,"column":5}},"11":{"start":{"line":43,"column":6},"end":{"line":68,"column":7}},"12":{"start":{"line":44,"column":19},"end":{"line":44,"column":46}},"13":{"start":{"line":45,"column":24},"end":{"line":45,"column":44}},"14":{"start":{"line":46,"column":22},"end":{"line":46,"column":27}},"15":{"start":{"line":48,"column":8},"end":{"line":53,"column":9}},"16":{"start":{"line":50,"column":10},"end":{"line":50,"column":25}},"17":{"start":{"line":51,"column":10},"end":{"line":51,"column":36}},"18":{"start":{"line":52,"column":10},"end":{"line":52,"column":36}},"19":{"start":{"line":54,"column":8},"end":{"line":67,"column":9}},"20":{"start":{"line":55,"column":22},"end":{"line":55,"column":38}},"21":{"start":{"line":56,"column":10},"end":{"line":66,"column":18}},"22":{"start":{"line":71,"column":4},"end":{"line":79,"column":6}},"23":{"start":{"line":84,"column":0},"end":{"line":86,"column":2}}},"fnMap":{"0":{"name":"(anonymous_0)","decl":{"start":{"line":6,"column":31},"end":{"line":6,"column":32}},"loc":{"start":{"line":6,"column":41},"end":{"line":6,"column":107}},"line":6},"1":{"name":"drawMap","decl":{"start":{"line":8,"column":9},"end":{"line":8,"column":16}},"loc":{"start":{"line":8,"column":25},"end":{"line":24,"column":1}},"line":8},"2":{"name":"(anonymous_2)","decl":{"start":{"line":28,"column":2},"end":{"line":28,"column":3}},"loc":{"start":{"line":28,"column":22},"end":{"line":32,"column":3}},"line":28},"3":{"name":"(anonymous_3)","decl":{"start":{"line":37,"column":2},"end":{"line":37,"column":3}},"loc":{"start":{"line":37,"column":11},"end":{"line":80,"column":3}},"line":37}},"branchMap":{"0":{"loc":{"start":{"line":42,"column":4},"end":{"line":69,"column":5}},"type":"if","locations":[{"start":{"line":42,"column":4},"end":{"line":69,"column":5}},{"start":{"line":42,"column":4},"end":{"line":69,"column":5}}],"line":42},"1":{"loc":{"start":{"line":43,"column":6},"end":{"line":68,"column":7}},"type":"if","locations":[{"start":{"line":43,"column":6},"end":{"line":68,"column":7}},{"start":{"line":43,"column":6},"end":{"line":68,"column":7}}],"line":43},"2":{"loc":{"start":{"line":48,"column":8},"end":{"line":53,"column":9}},"type":"if","locations":[{"start":{"line":48,"column":8},"end":{"line":53,"column":9}},{"start":{"line":48,"column":8},"end":{"line":53,"column":9}}],"line":48},"3":{"loc":{"start":{"line":48,"column":12},"end":{"line":48,"column":84}},"type":"binary-expr","locations":[{"start":{"line":48,"column":12},"end":{"line":48,"column":46}},{"start":{"line":48,"column":50},"end":{"line":48,"column":84}}],"line":48},"4":{"loc":{"start":{"line":54,"column":8},"end":{"line":67,"column":9}},"type":"if","locations":[{"start":{"line":54,"column":8},"end":{"line":67,"column":9}},{"start":{"line":54,"column":8},"end":{"line":67,"column":9}}],"line":54}},"s":{"0":1,"1":0,"2":0,"3":0,"4":0,"5":0,"6":0,"7":0,"8":0,"9":0,"10":0,"11":0,"12":0,"13":0,"14":0,"15":0,"16":0,"17":0,"18":0,"19":0,"20":0,"21":0,"22":0,"23":1},"f":{"0":0,"1":0,"2":0,"3":0},"b":{"0":[0,0],"1":[0,0],"2":[0,0],"3":[0,0],"4":[0,0]},"_coverageSchema":"332fd63041d2c1bcb487cc26dd0d5f7d97098a6c","hash":"f47e95536d041a646843515b619ca287a4a0a8a7"}
,"/Users/macbook/Documents/github/chat.susi.ai/src/components/MessageSection.react.js": {"path":"/Users/macbook/Documents/github/chat.susi.ai/src/components/MessageSection.react.js","statementMap":{"0":{"start":{"line":9,"column":2},"end":{"line":12,"column":4}},"1":{"start":{"line":16,"column":2},"end":{"line":21,"column":4}},"2":{"start":{"line":27,"column":4},"end":{"line":27,"column":17}},"3":{"start":{"line":28,"column":4},"end":{"line":28,"column":38}},"4":{"start":{"line":32,"column":4},"end":{"line":32,"column":27}},"5":{"start":{"line":33,"column":4},"end":{"line":33,"column":62}},"6":{"start":{"line":34,"column":4},"end":{"line":34,"column":61}},"7":{"start":{"line":38,"column":4},"end":{"line":38,"column":65}},"8":{"start":{"line":39,"column":4},"end":{"line":39,"column":64}},"9":{"start":{"line":43,"column":27},"end":{"line":43,"column":70}},"10":{"start":{"line":44,"column":4},"end":{"line":56,"column":5}},"11":{"start":{"line":45,"column":6},"end":{"line":53,"column":8}},"12":{"start":{"line":55,"column":6},"end":{"line":55,"column":53}},"13":{"start":{"line":60,"column":4},"end":{"line":60,"column":27}},"14":{"start":{"line":64,"column":13},"end":{"line":64,"column":34}},"15":{"start":{"line":65,"column":4},"end":{"line":67,"column":5}},"16":{"start":{"line":66,"column":6},"end":{"line":66,"column":37}},"17":{"start":{"line":74,"column":4},"end":{"line":74,"column":40}}},"fnMap":{"0":{"name":"getStateFromStores","decl":{"start":{"line":8,"column":9},"end":{"line":8,"column":27}},"loc":{"start":{"line":8,"column":30},"end":{"line":13,"column":1}},"line":8},"1":{"name":"getMessageListItem","decl":{"start":{"line":15,"column":9},"end":{"line":15,"column":27}},"loc":{"start":{"line":15,"column":37},"end":{"line":22,"column":1}},"line":15},"2":{"name":"(anonymous_2)","decl":{"start":{"line":26,"column":2},"end":{"line":26,"column":3}},"loc":{"start":{"line":26,"column":21},"end":{"line":29,"column":3}},"line":26},"3":{"name":"(anonymous_3)","decl":{"start":{"line":31,"column":2},"end":{"line":31,"column":3}},"loc":{"start":{"line":31,"column":22},"end":{"line":35,"column":3}},"line":31},"4":{"name":"(anonymous_4)","decl":{"start":{"line":37,"column":2},"end":{"line":37,"column":3}},"loc":{"start":{"line":37,"column":25},"end":{"line":40,"column":3}},"line":37},"5":{"name":"(anonymous_5)","decl":{"start":{"line":42,"column":2},"end":{"line":42,"column":3}},"loc":{"start":{"line":42,"column":11},"end":{"line":57,"column":3}},"line":42},"6":{"name":"(anonymous_6)","decl":{"start":{"line":59,"column":2},"end":{"line":59,"column":3}},"loc":{"start":{"line":59,"column":23},"end":{"line":61,"column":3}},"line":59},"7":{"name":"(anonymous_7)","decl":{"start":{"line":63,"column":2},"end":{"line":63,"column":3}},"loc":{"start":{"line":63,"column":20},"end":{"line":68,"column":3}},"line":63},"8":{"name":"(anonymous_8)","decl":{"start":{"line":73,"column":2},"end":{"line":73,"column":3}},"loc":{"start":{"line":73,"column":14},"end":{"line":75,"column":3}},"line":73}},"branchMap":{"0":{"loc":{"start":{"line":44,"column":4},"end":{"line":56,"column":5}},"type":"if","locations":[{"start":{"line":44,"column":4},"end":{"line":56,"column":5}},{"start":{"line":44,"column":4},"end":{"line":56,"column":5}}],"line":44},"1":{"loc":{"start":{"line":65,"column":4},"end":{"line":67,"column":5}},"type":"if","locations":[{"start":{"line":65,"column":4},"end":{"line":67,"column":5}},{"start":{"line":65,"column":4},"end":{"line":67,"column":5}}],"line":65}},"s":{"0":1,"1":0,"2":1,"3":1,"4":1,"5":1,"6":1,"7":0,"8":0,"9":1,"10":1,"11":0,"12":1,"13":0,"14":1,"15":1,"16":0,"17":0},"f":{"0":1,"1":0,"2":1,"3":1,"4":0,"5":1,"6":0,"7":1,"8":0},"b":{"0":[0,1],"1":[0,1]},"_coverageSchema":"332fd63041d2c1bcb487cc26dd0d5f7d97098a6c","hash":"8f1904923a0e6bf957e04a8c4604cbd34d7294db"}
,"/Users/macbook/Documents/github/chat.susi.ai/src/components/ThreadListItem.react.js": {"path":"/Users/macbook/Documents/github/chat.susi.ai/src/components/ThreadListItem.react.js","statementMap":{"0":{"start":{"line":1,"column":39},"end":{"line":1,"column":101}},"1":{"start":{"line":1,"column":120},"end":{"line":1,"column":205}},"2":{"start":{"line":5,"column":186},"end":{"line":5,"column":240}},"3":{"start":{"line":5,"column":280},"end":{"line":5,"column":496}},"4":{"start":{"line":5,"column":308},"end":{"line":5,"column":319}},"5":{"start":{"line":5,"column":340},"end":{"line":5,"column":342}},"6":{"start":{"line":5,"column":343},"end":{"line":5,"column":460}},"7":{"start":{"line":5,"column":361},"end":{"line":5,"column":459}},"8":{"start":{"line":5,"column":383},"end":{"line":5,"column":458}},"9":{"start":{"line":5,"column":435},"end":{"line":5,"column":458}},"10":{"start":{"line":5,"column":460},"end":{"line":5,"column":481}},"11":{"start":{"line":5,"column":481},"end":{"line":5,"column":495}},"12":{"start":{"line":10,"column":17},"end":{"line":10,"column":34}},"13":{"start":{"line":11,"column":22},"end":{"line":11,"column":40}},"14":{"start":{"line":12,"column":4},"end":{"line":24,"column":30}},"15":{"start":{"line":31,"column":4},"end":{"line":31,"column":46}},"16":{"start":{"line":36,"column":0},"end":{"line":38,"column":75}}},"fnMap":{"0":{"name":"_interopRequireDefault","decl":{"start":{"line":5,"column":157},"end":{"line":5,"column":179}},"loc":{"start":{"line":5,"column":185},"end":{"line":5,"column":241}},"line":5},"1":{"name":"_interopRequireWildcard","decl":{"start":{"line":5,"column":250},"end":{"line":5,"column":273}},"loc":{"start":{"line":5,"column":279},"end":{"line":5,"column":497}},"line":5},"2":{"name":"(anonymous_2)","decl":{"start":{"line":9,"column":2},"end":{"line":9,"column":3}},"loc":{"start":{"line":9,"column":11},"end":{"line":28,"column":3}},"line":9},"3":{"name":"(anonymous_3)","decl":{"start":{"line":30,"column":2},"end":{"line":30,"column":3}},"loc":{"start":{"line":30,"column":13},"end":{"line":32,"column":3}},"line":30}},"branchMap":{"0":{"loc":{"start":{"line":5,"column":193},"end":{"line":5,"column":239}},"type":"cond-expr","locations":[{"start":{"line":5,"column":217},"end":{"line":5,"column":220}},{"start":{"line":5,"column":223},"end":{"line":5,"column":239}}],"line":5},"1":{"loc":{"start":{"line":5,"column":193},"end":{"line":5,"column":214}},"type":"binary-expr","locations":[{"start":{"line":5,"column":193},"end":{"line":5,"column":196}},{"start":{"line":5,"column":200},"end":{"line":5,"column":214}}],"line":5},"2":{"loc":{"start":{"line":5,"column":280},"end":{"line":5,"column":496}},"type":"if","locations":[{"start":{"line":5,"column":280},"end":{"line":5,"column":496}},{"start":{"line":5,"column":280},"end":{"line":5,"column":496}}],"line":5},"3":{"loc":{"start":{"line":5,"column":284},"end":{"line":5,"column":305}},"type":"binary-expr","locations":[{"start":{"line":5,"column":284},"end":{"line":5,"column":287}},{"start":{"line":5,"column":291},"end":{"line":5,"column":305}}],"line":5},"4":{"loc":{"start":{"line":5,"column":343},"end":{"line":5,"column":460}},"type":"if","locations":[{"start":{"line":5,"column":343},"end":{"line":5,"column":460}},{"start":{"line":5,"column":343},"end":{"line":5,"column":460}}],"line":5},"5":{"loc":{"start":{"line":5,"column":383},"end":{"line":5,"column":458}},"type":"if","locations":[{"start":{"line":5,"column":383},"end":{"line":5,"column":458}},{"start":{"line":5,"column":383},"end":{"line":5,"column":458}}],"line":5}},"s":{"0":0,"1":0,"2":0,"3":0,"4":0,"5":0,"6":0,"7":0,"8":0,"9":0,"10":0,"11":0,"12":0,"13":0,"14":0,"15":0,"16":0},"f":{"0":0,"1":0,"2":0,"3":0},"b":{"0":[0,0],"1":[0,0],"2":[0,0],"3":[0,0],"4":[0,0],"5":[0,0]}}
,"/Users/macbook/Documents/github/chat.susi.ai/src/components/ThreadSection.react.js": {"path":"/Users/macbook/Documents/github/chat.susi.ai/src/components/ThreadSection.react.js","statementMap":{"0":{"start":{"line":1,"column":39},"end":{"line":1,"column":101}},"1":{"start":{"line":1,"column":120},"end":{"line":1,"column":204}},"2":{"start":{"line":5,"column":224},"end":{"line":5,"column":278}},"3":{"start":{"line":8,"column":2},"end":{"line":11,"column":84}},"4":{"start":{"line":18,"column":4},"end":{"line":18,"column":17}},"5":{"start":{"line":19,"column":4},"end":{"line":19,"column":38}},"6":{"start":{"line":33,"column":26},"end":{"line":41,"column":12}},"7":{"start":{"line":34,"column":6},"end":{"line":38,"column":126}},"8":{"start":{"line":43,"column":4},"end":{"line":45,"column":262}},"9":{"start":{"line":46,"column":4},"end":{"line":52,"column":29}},"10":{"start":{"line":62,"column":4},"end":{"line":62,"column":40}}},"fnMap":{"0":{"name":"_interopRequireDefault","decl":{"start":{"line":5,"column":195},"end":{"line":5,"column":217}},"loc":{"start":{"line":5,"column":223},"end":{"line":5,"column":279}},"line":5},"1":{"name":"getStateFromStores","decl":{"start":{"line":7,"column":9},"end":{"line":7,"column":27}},"loc":{"start":{"line":7,"column":30},"end":{"line":13,"column":1}},"line":7},"2":{"name":"(anonymous_2)","decl":{"start":{"line":17,"column":2},"end":{"line":17,"column":3}},"loc":{"start":{"line":17,"column":21},"end":{"line":20,"column":3}},"line":17},"3":{"name":"(anonymous_3)","decl":{"start":{"line":22,"column":2},"end":{"line":22,"column":3}},"loc":{"start":{"line":22,"column":22},"end":{"line":25,"column":3}},"line":22},"4":{"name":"(anonymous_4)","decl":{"start":{"line":27,"column":2},"end":{"line":27,"column":3}},"loc":{"start":{"line":27,"column":25},"end":{"line":30,"column":3}},"line":27},"5":{"name":"(anonymous_5)","decl":{"start":{"line":32,"column":2},"end":{"line":32,"column":3}},"loc":{"start":{"line":32,"column":11},"end":{"line":56,"column":3}},"line":32},"6":{"name":"(anonymous_6)","decl":{"start":{"line":33,"column":49},"end":{"line":33,"column":50}},"loc":{"start":{"line":33,"column":67},"end":{"line":41,"column":5}},"line":33},"7":{"name":"(anonymous_7)","decl":{"start":{"line":61,"column":2},"end":{"line":61,"column":3}},"loc":{"start":{"line":61,"column":14},"end":{"line":63,"column":3}},"line":61}},"branchMap":{"0":{"loc":{"start":{"line":5,"column":231},"end":{"line":5,"column":277}},"type":"cond-expr","locations":[{"start":{"line":5,"column":255},"end":{"line":5,"column":258}},{"start":{"line":5,"column":261},"end":{"line":5,"column":277}}],"line":5},"1":{"loc":{"start":{"line":5,"column":231},"end":{"line":5,"column":252}},"type":"binary-expr","locations":[{"start":{"line":5,"column":231},"end":{"line":5,"column":234}},{"start":{"line":5,"column":238},"end":{"line":5,"column":252}}],"line":5},"2":{"loc":{"start":{"line":43,"column":4},"end":{"line":45,"column":262}},"type":"cond-expr","locations":[{"start":{"line":44,"column":4},"end":{"line":44,"column":8}}],"line":43}},"s":{"0":0,"1":0,"2":0,"3":0,"4":0,"5":0,"6":0,"7":0,"8":0,"9":0,"10":0},"f":{"0":0,"1":0,"2":0,"3":0,"4":0,"5":0,"6":0,"7":0},"b":{"0":[0,0],"1":[0,0],"2":[0]}}
,"/Users/macbook/Documents/github/chat.susi.ai/src/constants/ChatConstants.js": {"path":"/Users/macbook/Documents/github/chat.susi.ai/src/constants/ChatConstants.js","statementMap":{},"fnMap":{},"branchMap":{},"s":{},"f":{},"b":{},"_coverageSchema":"332fd63041d2c1bcb487cc26dd0d5f7d97098a6c","hash":"461bed9d03843396abf6887f46f6bf556eea96a2"}
,"/Users/macbook/Documents/github/chat.susi.ai/src/dispatcher/ChatAppDispatcher.js": {"path":"/Users/macbook/Documents/github/chat.susi.ai/src/dispatcher/ChatAppDispatcher.js","statementMap":{},"fnMap":{},"branchMap":{},"s":{},"f":{},"b":{},"_coverageSchema":"332fd63041d2c1bcb487cc26dd0d5f7d97098a6c","hash":"9d2d51b2dfccb80beee58ce042248fddf7b7d512"}
,"/Users/macbook/Documents/github/chat.susi.ai/src/stores/MessageStore.js": {"path":"/Users/macbook/Documents/github/chat.susi.ai/src/stores/MessageStore.js","statementMap":{"0":{"start":{"line":7,"column":18},"end":{"line":7,"column":43}},"1":{"start":{"line":8,"column":19},"end":{"line":8,"column":27}},"2":{"start":{"line":10,"column":16},"end":{"line":10,"column":18}},"3":{"start":{"line":13,"column":2},"end":{"line":20,"column":5}},"4":{"start":{"line":14,"column":4},"end":{"line":19,"column":5}},"5":{"start":{"line":15,"column":6},"end":{"line":18,"column":8}},"6":{"start":{"line":24,"column":2},"end":{"line":28,"column":3}},"7":{"start":{"line":25,"column":4},"end":{"line":27,"column":5}},"8":{"start":{"line":26,"column":6},"end":{"line":26,"column":34}},"9":{"start":{"line":31,"column":19},"end":{"line":83,"column":1}},"10":{"start":{"line":35,"column":4},"end":{"line":35,"column":28}},"11":{"start":{"line":42,"column":4},"end":{"line":42,"column":36}},"12":{"start":{"line":46,"column":4},"end":{"line":46,"column":48}},"13":{"start":{"line":50,"column":4},"end":{"line":50,"column":25}},"14":{"start":{"line":54,"column":4},"end":{"line":54,"column":21}},"15":{"start":{"line":62,"column":25},"end":{"line":62,"column":27}},"16":{"start":{"line":63,"column":4},"end":{"line":67,"column":5}},"17":{"start":{"line":64,"column":6},"end":{"line":66,"column":7}},"18":{"start":{"line":65,"column":8},"end":{"line":65,"column":43}},"19":{"start":{"line":68,"column":4},"end":{"line":75,"column":7}},"20":{"start":{"line":69,"column":6},"end":{"line":73,"column":7}},"21":{"start":{"line":70,"column":8},"end":{"line":70,"column":18}},"22":{"start":{"line":71,"column":13},"end":{"line":73,"column":7}},"23":{"start":{"line":72,"column":8},"end":{"line":72,"column":17}},"24":{"start":{"line":74,"column":6},"end":{"line":74,"column":15}},"25":{"start":{"line":76,"column":4},"end":{"line":76,"column":26}},"26":{"start":{"line":80,"column":4},"end":{"line":80,"column":60}},"27":{"start":{"line":85,"column":0},"end":{"line":122,"column":3}},"28":{"start":{"line":87,"column":2},"end":{"line":120,"column":3}},"29":{"start":{"line":90,"column":6},"end":{"line":90,"column":61}},"30":{"start":{"line":91,"column":6},"end":{"line":91,"column":55}},"31":{"start":{"line":92,"column":6},"end":{"line":92,"column":32}},"32":{"start":{"line":93,"column":6},"end":{"line":93,"column":12}},"33":{"start":{"line":96,"column":20},"end":{"line":96,"column":34}},"34":{"start":{"line":97,"column":6},"end":{"line":97,"column":38}},"35":{"start":{"line":98,"column":6},"end":{"line":98,"column":32}},"36":{"start":{"line":99,"column":6},"end":{"line":99,"column":12}},"37":{"start":{"line":103,"column":42},"end":{"line":103,"column":48}},"38":{"start":{"line":104,"column":6},"end":{"line":104,"column":38}},"39":{"start":{"line":105,"column":20},"end":{"line":105,"column":66}},"40":{"start":{"line":106,"column":6},"end":{"line":106,"column":38}},"41":{"start":{"line":107,"column":6},"end":{"line":107,"column":32}},"42":{"start":{"line":108,"column":6},"end":{"line":108,"column":12}},"43":{"start":{"line":111,"column":20},"end":{"line":111,"column":34}},"44":{"start":{"line":112,"column":6},"end":{"line":112,"column":38}},"45":{"start":{"line":113,"column":6},"end":{"line":113,"column":32}},"46":{"start":{"line":114,"column":6},"end":{"line":114,"column":12}}},"fnMap":{"0":{"name":"_addMessages","decl":{"start":{"line":12,"column":9},"end":{"line":12,"column":21}},"loc":{"start":{"line":12,"column":35},"end":{"line":21,"column":1}},"line":12},"1":{"name":"(anonymous_1)","decl":{"start":{"line":13,"column":22},"end":{"line":13,"column":23}},"loc":{"start":{"line":13,"column":33},"end":{"line":20,"column":3}},"line":13},"2":{"name":"_markAllInThreadRead","decl":{"start":{"line":23,"column":9},"end":{"line":23,"column":29}},"loc":{"start":{"line":23,"column":40},"end":{"line":29,"column":1}},"line":23},"3":{"name":"(anonymous_3)","decl":{"start":{"line":68,"column":24},"end":{"line":68,"column":25}},"loc":{"start":{"line":68,"column":34},"end":{"line":75,"column":5}},"line":68},"4":{"name":"(anonymous_4)","decl":{"start":{"line":85,"column":56},"end":{"line":85,"column":57}},"loc":{"start":{"line":85,"column":66},"end":{"line":122,"column":1}},"line":85}},"branchMap":{"0":{"loc":{"start":{"line":14,"column":4},"end":{"line":19,"column":5}},"type":"if","locations":[{"start":{"line":14,"column":4},"end":{"line":19,"column":5}},{"start":{"line":14,"column":4},"end":{"line":19,"column":5}}],"line":14},"1":{"loc":{"start":{"line":25,"column":4},"end":{"line":27,"column":5}},"type":"if","locations":[{"start":{"line":25,"column":4},"end":{"line":27,"column":5}},{"start":{"line":25,"column":4},"end":{"line":27,"column":5}}],"line":25},"2":{"loc":{"start":{"line":64,"column":6},"end":{"line":66,"column":7}},"type":"if","locations":[{"start":{"line":64,"column":6},"end":{"line":66,"column":7}},{"start":{"line":64,"column":6},"end":{"line":66,"column":7}}],"line":64},"3":{"loc":{"start":{"line":69,"column":6},"end":{"line":73,"column":7}},"type":"if","locations":[{"start":{"line":69,"column":6},"end":{"line":73,"column":7}},{"start":{"line":69,"column":6},"end":{"line":73,"column":7}}],"line":69},"4":{"loc":{"start":{"line":71,"column":13},"end":{"line":73,"column":7}},"type":"if","locations":[{"start":{"line":71,"column":13},"end":{"line":73,"column":7}},{"start":{"line":71,"column":13},"end":{"line":73,"column":7}}],"line":71},"5":{"loc":{"start":{"line":87,"column":2},"end":{"line":120,"column":3}},"type":"switch","locations":[{"start":{"line":89,"column":4},"end":{"line":93,"column":12}},{"start":{"line":95,"column":4},"end":{"line":100,"column":5}},{"start":{"line":102,"column":4},"end":{"line":109,"column":5}},{"start":{"line":110,"column":4},"end":{"line":115,"column":5}},{"start":{"line":118,"column":4},"end":{"line":118,"column":12}}],"line":87}},"s":{"0":1,"1":1,"2":1,"3":0,"4":0,"5":0,"6":0,"7":0,"8":0,"9":1,"10":0,"11":1,"12":0,"13":0,"14":0,"15":1,"16":1,"17":0,"18":0,"19":1,"20":0,"21":0,"22":0,"23":0,"24":0,"25":1,"26":1,"27":1,"28":0,"29":0,"30":0,"31":0,"32":0,"33":0,"34":0,"35":0,"36":0,"37":0,"38":0,"39":0,"40":0,"41":0,"42":0,"43":0,"44":0,"45":0,"46":0},"f":{"0":0,"1":0,"2":0,"3":0,"4":0},"b":{"0":[0,0],"1":[0,0],"2":[0,0],"3":[0,0],"4":[0,0],"5":[0,0,0,0,0]},"_coverageSchema":"332fd63041d2c1bcb487cc26dd0d5f7d97098a6c","hash":"93a388836f5a6c84db61de2568b4d269e957b333"}
,"/Users/macbook/Documents/github/chat.susi.ai/src/stores/ThreadStore.js": {"path":"/Users/macbook/Documents/github/chat.susi.ai/src/stores/ThreadStore.js","statementMap":{"0":{"start":{"line":7,"column":18},"end":{"line":7,"column":43}},"1":{"start":{"line":8,"column":19},"end":{"line":8,"column":27}},"2":{"start":{"line":10,"column":17},"end":{"line":10,"column":21}},"3":{"start":{"line":11,"column":15},"end":{"line":11,"column":17}},"4":{"start":{"line":13,"column":18},"end":{"line":92,"column":1}},"5":{"start":{"line":17,"column":4},"end":{"line":28,"column":7}},"6":{"start":{"line":18,"column":21},"end":{"line":18,"column":37}},"7":{"start":{"line":19,"column":19},"end":{"line":19,"column":37}},"8":{"start":{"line":20,"column":6},"end":{"line":22,"column":7}},"9":{"start":{"line":21,"column":8},"end":{"line":21,"column":15}},"10":{"start":{"line":23,"column":6},"end":{"line":27,"column":8}},"11":{"start":{"line":30,"column":4},"end":{"line":33,"column":5}},"12":{"start":{"line":31,"column":22},"end":{"line":31,"column":41}},"13":{"start":{"line":32,"column":6},"end":{"line":32,"column":54}},"14":{"start":{"line":35,"column":4},"end":{"line":35,"column":51}},"15":{"start":{"line":39,"column":4},"end":{"line":39,"column":28}},"16":{"start":{"line":46,"column":4},"end":{"line":46,"column":36}},"17":{"start":{"line":53,"column":4},"end":{"line":53,"column":48}},"18":{"start":{"line":60,"column":4},"end":{"line":60,"column":24}},"19":{"start":{"line":64,"column":4},"end":{"line":64,"column":20}},"20":{"start":{"line":68,"column":25},"end":{"line":68,"column":27}},"21":{"start":{"line":69,"column":4},"end":{"line":72,"column":5}},"22":{"start":{"line":70,"column":19},"end":{"line":70,"column":31}},"23":{"start":{"line":71,"column":6},"end":{"line":71,"column":34}},"24":{"start":{"line":73,"column":4},"end":{"line":80,"column":7}},"25":{"start":{"line":74,"column":6},"end":{"line":78,"column":7}},"26":{"start":{"line":75,"column":8},"end":{"line":75,"column":18}},"27":{"start":{"line":76,"column":13},"end":{"line":78,"column":7}},"28":{"start":{"line":77,"column":8},"end":{"line":77,"column":17}},"29":{"start":{"line":79,"column":6},"end":{"line":79,"column":15}},"30":{"start":{"line":81,"column":4},"end":{"line":81,"column":26}},"31":{"start":{"line":85,"column":4},"end":{"line":85,"column":22}},"32":{"start":{"line":89,"column":4},"end":{"line":89,"column":41}},"33":{"start":{"line":94,"column":0},"end":{"line":129,"column":3}},"34":{"start":{"line":96,"column":2},"end":{"line":127,"column":3}},"35":{"start":{"line":99,"column":6},"end":{"line":99,"column":35}},"36":{"start":{"line":100,"column":6},"end":{"line":100,"column":53}},"37":{"start":{"line":101,"column":6},"end":{"line":101,"column":31}},"38":{"start":{"line":102,"column":6},"end":{"line":102,"column":12}},"39":{"start":{"line":105,"column":20},"end":{"line":105,"column":34}},"40":{"start":{"line":106,"column":6},"end":{"line":106,"column":55}},"41":{"start":{"line":107,"column":6},"end":{"line":107,"column":31}},"42":{"start":{"line":108,"column":6},"end":{"line":108,"column":12}},"43":{"start":{"line":112,"column":23},"end":{"line":112,"column":40}},"44":{"start":{"line":113,"column":28},"end":{"line":113,"column":54}},"45":{"start":{"line":114,"column":20},"end":{"line":114,"column":83}},"46":{"start":{"line":115,"column":6},"end":{"line":115,"column":55}},"47":{"start":{"line":116,"column":6},"end":{"line":116,"column":31}},"48":{"start":{"line":117,"column":6},"end":{"line":117,"column":12}},"49":{"start":{"line":121,"column":6},"end":{"line":121,"column":43}},"50":{"start":{"line":122,"column":6},"end":{"line":122,"column":31}},"51":{"start":{"line":123,"column":6},"end":{"line":123,"column":12}}},"fnMap":{"0":{"name":"(anonymous_0)","decl":{"start":{"line":17,"column":24},"end":{"line":17,"column":25}},"loc":{"start":{"line":17,"column":35},"end":{"line":28,"column":5}},"line":17},"1":{"name":"(anonymous_1)","decl":{"start":{"line":73,"column":24},"end":{"line":73,"column":25}},"loc":{"start":{"line":73,"column":39},"end":{"line":80,"column":5}},"line":73},"2":{"name":"(anonymous_2)","decl":{"start":{"line":94,"column":55},"end":{"line":94,"column":56}},"loc":{"start":{"line":94,"column":65},"end":{"line":129,"column":1}},"line":94}},"branchMap":{"0":{"loc":{"start":{"line":20,"column":6},"end":{"line":22,"column":7}},"type":"if","locations":[{"start":{"line":20,"column":6},"end":{"line":22,"column":7}},{"start":{"line":20,"column":6},"end":{"line":22,"column":7}}],"line":20},"1":{"loc":{"start":{"line":20,"column":10},"end":{"line":20,"column":68}},"type":"binary-expr","locations":[{"start":{"line":20,"column":10},"end":{"line":20,"column":16}},{"start":{"line":20,"column":20},"end":{"line":20,"column":68}}],"line":20},"2":{"loc":{"start":{"line":30,"column":4},"end":{"line":33,"column":5}},"type":"if","locations":[{"start":{"line":30,"column":4},"end":{"line":33,"column":5}},{"start":{"line":30,"column":4},"end":{"line":33,"column":5}}],"line":30},"3":{"loc":{"start":{"line":74,"column":6},"end":{"line":78,"column":7}},"type":"if","locations":[{"start":{"line":74,"column":6},"end":{"line":78,"column":7}},{"start":{"line":74,"column":6},"end":{"line":78,"column":7}}],"line":74},"4":{"loc":{"start":{"line":76,"column":13},"end":{"line":78,"column":7}},"type":"if","locations":[{"start":{"line":76,"column":13},"end":{"line":78,"column":7}},{"start":{"line":76,"column":13},"end":{"line":78,"column":7}}],"line":76},"5":{"loc":{"start":{"line":96,"column":2},"end":{"line":127,"column":3}},"type":"switch","locations":[{"start":{"line":98,"column":4},"end":{"line":102,"column":12}},{"start":{"line":104,"column":4},"end":{"line":109,"column":5}},{"start":{"line":111,"column":4},"end":{"line":118,"column":5}},{"start":{"line":120,"column":4},"end":{"line":123,"column":12}},{"start":{"line":125,"column":4},"end":{"line":125,"column":12}}],"line":96}},"s":{"0":1,"1":1,"2":1,"3":1,"4":1,"5":0,"6":0,"7":0,"8":0,"9":0,"10":0,"11":0,"12":0,"13":0,"14":0,"15":0,"16":1,"17":0,"18":1,"19":0,"20":0,"21":0,"22":0,"23":0,"24":0,"25":0,"26":0,"27":0,"28":0,"29":0,"30":0,"31":2,"32":1,"33":1,"34":0,"35":0,"36":0,"37":0,"38":0,"39":0,"40":0,"41":0,"42":0,"43":0,"44":0,"45":0,"46":0,"47":0,"48":0,"49":0,"50":0,"51":0},"f":{"0":0,"1":0,"2":0},"b":{"0":[0,0],"1":[0,0],"2":[0,0],"3":[0,0],"4":[0,0],"5":[0,0,0,0,0]},"_coverageSchema":"332fd63041d2c1bcb487cc26dd0d5f7d97098a6c","hash":"9c7f84494ebfd4f0efb049b056b364881874276c"}
,"/Users/macbook/Documents/github/chat.susi.ai/src/stores/UnreadThreadStore.js": {"path":"/Users/macbook/Documents/github/chat.susi.ai/src/stores/UnreadThreadStore.js","statementMap":{"0":{"start":{"line":1,"column":39},"end":{"line":1,"column":101}},"1":{"start":{"line":6,"column":200},"end":{"line":6,"column":254}},"2":{"start":{"line":8,"column":44},"end":{"line":8,"column":79}},"3":{"start":{"line":9,"column":19},"end":{"line":9,"column":27}},"4":{"start":{"line":11,"column":50},"end":{"line":41,"column":6}},"5":{"start":{"line":15,"column":4},"end":{"line":15,"column":28}},"6":{"start":{"line":22,"column":4},"end":{"line":22,"column":36}},"7":{"start":{"line":29,"column":4},"end":{"line":29,"column":48}},"8":{"start":{"line":33,"column":44},"end":{"line":33,"column":74}},"9":{"start":{"line":34,"column":22},"end":{"line":34,"column":23}},"10":{"start":{"line":35,"column":4},"end":{"line":39,"column":5}},"11":{"start":{"line":36,"column":6},"end":{"line":38,"column":7}},"12":{"start":{"line":37,"column":8},"end":{"line":37,"column":22}},"13":{"start":{"line":40,"column":4},"end":{"line":40,"column":23}},"14":{"start":{"line":45,"column":0},"end":{"line":64,"column":3}},"15":{"start":{"line":51,"column":2},"end":{"line":63,"column":3}},"16":{"start":{"line":54,"column":6},"end":{"line":54,"column":37}},"17":{"start":{"line":55,"column":6},"end":{"line":55,"column":12}},"18":{"start":{"line":58,"column":6},"end":{"line":58,"column":37}},"19":{"start":{"line":59,"column":6},"end":{"line":59,"column":12}}},"fnMap":{"0":{"name":"_interopRequireDefault","decl":{"start":{"line":6,"column":171},"end":{"line":6,"column":193}},"loc":{"start":{"line":6,"column":199},"end":{"line":6,"column":255}},"line":6},"1":{"name":"(anonymous_1)","decl":{"start":{"line":45,"column":97},"end":{"line":45,"column":98}},"loc":{"start":{"line":45,"column":107},"end":{"line":64,"column":1}},"line":45}},"branchMap":{"0":{"loc":{"start":{"line":6,"column":207},"end":{"line":6,"column":253}},"type":"cond-expr","locations":[{"start":{"line":6,"column":231},"end":{"line":6,"column":234}},{"start":{"line":6,"column":237},"end":{"line":6,"column":253}}],"line":6},"1":{"loc":{"start":{"line":6,"column":207},"end":{"line":6,"column":228}},"type":"binary-expr","locations":[{"start":{"line":6,"column":207},"end":{"line":6,"column":210}},{"start":{"line":6,"column":214},"end":{"line":6,"column":228}}],"line":6},"2":{"loc":{"start":{"line":36,"column":6},"end":{"line":38,"column":7}},"type":"if","locations":[{"start":{"line":36,"column":6},"end":{"line":38,"column":7}},{"start":{"line":36,"column":6},"end":{"line":38,"column":7}}],"line":36},"3":{"loc":{"start":{"line":51,"column":2},"end":{"line":63,"column":3}},"type":"switch","locations":[{"start":{"line":53,"column":4},"end":{"line":55,"column":12}},{"start":{"line":57,"column":4},"end":{"line":59,"column":12}},{"start":{"line":61,"column":4},"end":{"line":61,"column":12}}],"line":51}},"s":{"0":0,"1":0,"2":0,"3":0,"4":0,"5":0,"6":0,"7":0,"8":0,"9":0,"10":0,"11":0,"12":0,"13":0,"14":0,"15":0,"16":0,"17":0,"18":0,"19":0},"f":{"0":0,"1":0},"b":{"0":[0,0],"1":[0,0],"2":[0,0],"3":[0,0,0]}}
,"/Users/macbook/Documents/github/chat.susi.ai/src/utils/ChatMessageUtils.js": {"path":"/Users/macbook/Documents/github/chat.susi.ai/src/utils/ChatMessageUtils.js","statementMap":{"0":{"start":{"line":2,"column":2},"end":{"line":6,"column":4}},"1":{"start":{"line":10,"column":18},"end":{"line":10,"column":28}},"2":{"start":{"line":11,"column":2},"end":{"line":18,"column":4}},"3":{"start":{"line":22,"column":18},"end":{"line":22,"column":28}},"4":{"start":{"line":24,"column":25},"end":{"line":33,"column":3}},"5":{"start":{"line":35,"column":2},"end":{"line":35,"column":25}}},"fnMap":{"0":{"name":"convertRawMessage","decl":{"start":{"line":1,"column":16},"end":{"line":1,"column":33}},"loc":{"start":{"line":1,"column":63},"end":{"line":7,"column":1}},"line":1},"1":{"name":"getCreatedMessageData","decl":{"start":{"line":9,"column":16},"end":{"line":9,"column":37}},"loc":{"start":{"line":9,"column":61},"end":{"line":19,"column":1}},"line":9},"2":{"name":"getSUSIMessageData","decl":{"start":{"line":21,"column":16},"end":{"line":21,"column":34}},"loc":{"start":{"line":21,"column":61},"end":{"line":36,"column":1}},"line":21}},"branchMap":{},"s":{"0":0,"1":0,"2":0,"3":0,"4":0,"5":0},"f":{"0":0,"1":0,"2":0},"b":{},"_coverageSchema":"332fd63041d2c1bcb487cc26dd0d5f7d97098a6c","hash":"f3398460356b7f84533612ba74dcb2cfd009c27a"}
,"/Users/macbook/Documents/github/chat.susi.ai/src/utils/ChatWebAPIUtils.js": {"path":"/Users/macbook/Documents/github/chat.susi.ai/src/utils/ChatWebAPIUtils.js","statementMap":{"0":{"start":{"line":8,"column":2},"end":{"line":11,"column":5}},"1":{"start":{"line":9,"column":4},"end":{"line":9,"column":62}},"2":{"start":{"line":10,"column":4},"end":{"line":10,"column":64}},"3":{"start":{"line":15,"column":2},"end":{"line":17,"column":5}},"4":{"start":{"line":16,"column":4},"end":{"line":16,"column":33}}},"fnMap":{"0":{"name":"createMessage","decl":{"start":{"line":7,"column":16},"end":{"line":7,"column":29}},"loc":{"start":{"line":7,"column":39},"end":{"line":12,"column":1}},"line":7},"1":{"name":"(anonymous_1)","decl":{"start":{"line":8,"column":45},"end":{"line":8,"column":46}},"loc":{"start":{"line":8,"column":63},"end":{"line":11,"column":3}},"line":8},"2":{"name":"getAllMessages","decl":{"start":{"line":14,"column":16},"end":{"line":14,"column":30}},"loc":{"start":{"line":14,"column":33},"end":{"line":18,"column":1}},"line":14},"3":{"name":"(anonymous_3)","decl":{"start":{"line":15,"column":36},"end":{"line":15,"column":37}},"loc":{"start":{"line":15,"column":48},"end":{"line":17,"column":3}},"line":15}},"branchMap":{},"s":{"0":0,"1":0,"2":0,"3":0,"4":0},"f":{"0":0,"1":0,"2":0,"3":0},"b":{},"_coverageSchema":"332fd63041d2c1bcb487cc26dd0d5f7d97098a6c","hash":"ec1e284c6e4d09cb99d02dcf183d906bccaa3f07"}
}
