TN:
SF:/Users/macbook/Documents/github/chat.susi.ai/src/ChatExampleDataServer.js
FN:14,(anonymous_0)
FN:16,(anonymous_1)
FN:22,getMessages
FN:23,(anonymous_3)
FN:29,postMessage
FN:46,(anonymous_5)
FN:52,postSUSIMessage
FN:57,(anonymous_7)
FNF:8
FNH:2
FNDA:1,(anonymous_0)
FNDA:1,(anonymous_1)
FNDA:0,getMessages
FNDA:0,(anonymous_3)
FNDA:0,postMessage
FNDA:0,(anonymous_5)
FNDA:0,postSUSIMessage
FNDA:0,(anonymous_7)
DA:2,1
DA:4,1
DA:14,1
DA:15,1
DA:16,1
DA:17,1
DA:19,1
DA:23,0
DA:24,0
DA:30,0
DA:31,0
DA:32,0
DA:34,0
DA:44,0
DA:46,0
DA:47,0
DA:54,0
DA:57,0
DA:58,0
LF:19
LH:7
BRF:0
BRH:0
end_of_record
TN:
SF:/Users/macbook/Documents/github/chat.susi.ai/src/actions.js
FN:9,createMessage
FN:18,receiveCreatedMessage
FN:27,clickThread
FN:34,receiveAll
FN:41,createSUSIMessage
FN:61,(anonymous_5)
FN:70,(anonymous_6)
FNF:7
FNH:0
FNDA:0,createMessage
FNDA:0,receiveCreatedMessage
FNDA:0,clickThread
FNDA:0,receiveAll
FNDA:0,createSUSIMessage
FNDA:0,(anonymous_5)
FNDA:0,(anonymous_6)
DA:7,1
DA:10,0
DA:11,0
DA:15,0
DA:19,0
DA:28,0
DA:35,0
DA:42,0
DA:44,0
DA:53,0
DA:62,0
DA:63,0
DA:65,0
DA:71,0
DA:72,0
LF:15
LH:1
BRF:0
BRH:0
end_of_record
TN:
SF:/Users/macbook/Documents/github/chat.susi.ai/src/index.js
FN:5,_interopRequireDefault
FNF:1
FNH:0
FNDA:0,_interopRequireDefault
DA:1,0
DA:5,0
DA:7,0
LF:3
LH:0
BRDA:5,0,0,0
BRDA:5,0,1,0
BRDA:5,1,0,0
BRDA:5,1,1,0
BRF:4
BRH:0
end_of_record
TN:
SF:/Users/macbook/Documents/github/chat.susi.ai/src/components/ChatApp.react.js
FN:7,(anonymous_0)
FNF:1
FNH:1
FNDA:1,(anonymous_0)
DA:8,1
LF:1
LH:1
BRF:0
BRH:0
end_of_record
TN:
SF:/Users/macbook/Documents/github/chat.susi.ai/src/components/MessageComposer.react.js
FN:10,(anonymous_0)
FN:14,(anonymous_1)
FN:17,(anonymous_2)
FN:25,(anonymous_3)
FN:30,(anonymous_4)
FN:34,(anonymous_5)
FNF:6
FNH:0
FNDA:0,(anonymous_0)
FNDA:0,(anonymous_1)
FNDA:0,(anonymous_2)
FNDA:0,(anonymous_3)
FNDA:0,(anonymous_4)
FNDA:0,(anonymous_5)
DA:6,1
DA:11,0
DA:12,0
DA:15,0
DA:18,0
DA:25,0
DA:31,0
DA:35,0
DA:36,0
DA:37,0
DA:38,0
DA:39,0
DA:41,0
DA:48,1
LF:14
LH:2
BRDA:35,0,0,0
BRDA:35,0,1,0
BRDA:38,1,0,0
BRDA:38,1,1,0
BRF:4
BRH:0
end_of_record
TN:
SF:/Users/macbook/Documents/github/chat.susi.ai/src/components/MessageListItem.react.js
FN:6,(anonymous_0)
FN:8,drawMap
FN:28,(anonymous_2)
FN:37,(anonymous_3)
FNF:4
FNH:0
FNDA:0,(anonymous_0)
FNDA:0,drawMap
FNDA:0,(anonymous_2)
FNDA:0,(anonymous_3)
DA:6,1
DA:9,0
DA:11,0
DA:23,0
DA:29,0
DA:31,0
DA:38,0
DA:39,0
DA:40,0
DA:42,0
DA:43,0
DA:44,0
DA:45,0
DA:46,0
DA:48,0
DA:50,0
DA:51,0
DA:52,0
DA:54,0
DA:55,0
DA:56,0
DA:71,0
DA:84,1
LF:23
LH:2
BRDA:42,0,0,0
BRDA:42,0,1,0
BRDA:43,1,0,0
BRDA:43,1,1,0
BRDA:48,2,0,0
BRDA:48,2,1,0
BRDA:48,3,0,0
BRDA:48,3,1,0
BRDA:54,4,0,0
BRDA:54,4,1,0
BRF:10
BRH:0
end_of_record
TN:
SF:/Users/macbook/Documents/github/chat.susi.ai/src/components/MessageSection.react.js
FN:8,getStateFromStores
FN:15,getMessageListItem
FN:26,(anonymous_2)
FN:31,(anonymous_3)
FN:37,(anonymous_4)
FN:42,(anonymous_5)
FN:59,(anonymous_6)
FN:63,(anonymous_7)
FN:73,(anonymous_8)
FNF:9
FNH:5
FNDA:1,getStateFromStores
FNDA:0,getMessageListItem
FNDA:1,(anonymous_2)
FNDA:1,(anonymous_3)
FNDA:0,(anonymous_4)
FNDA:1,(anonymous_5)
FNDA:0,(anonymous_6)
FNDA:1,(anonymous_7)
FNDA:0,(anonymous_8)
DA:9,1
DA:16,0
DA:27,1
DA:28,1
DA:32,1
DA:33,1
DA:34,1
DA:38,0
DA:39,0
DA:43,1
DA:44,1
DA:45,0
DA:55,1
DA:60,0
DA:64,1
DA:65,1
DA:66,0
DA:74,0
LF:18
LH:11
BRDA:44,0,0,0
BRDA:44,0,1,1
BRDA:65,1,0,0
BRDA:65,1,1,1
BRF:4
BRH:2
end_of_record
TN:
SF:/Users/macbook/Documents/github/chat.susi.ai/src/components/ThreadListItem.react.js
FN:5,_interopRequireDefault
FN:5,_interopRequireWildcard
FN:9,(anonymous_2)
FN:30,(anonymous_3)
FNF:4
FNH:0
FNDA:0,_interopRequireDefault
FNDA:0,_interopRequireWildcard
FNDA:0,(anonymous_2)
FNDA:0,(anonymous_3)
DA:1,0
DA:5,0
DA:10,0
DA:11,0
DA:12,0
DA:31,0
DA:36,0
LF:7
LH:0
BRDA:5,0,0,0
BRDA:5,0,1,0
BRDA:5,1,0,0
BRDA:5,1,1,0
BRDA:5,2,0,0
BRDA:5,2,1,0
BRDA:5,3,0,0
BRDA:5,3,1,0
BRDA:5,4,0,0
BRDA:5,4,1,0
BRDA:5,5,0,0
BRDA:5,5,1,0
BRF:12
BRH:0
end_of_record
TN:
SF:/Users/macbook/Documents/github/chat.susi.ai/src/components/ThreadSection.react.js
FN:5,_interopRequireDefault
FN:7,getStateFromStores
FN:17,(anonymous_2)
FN:22,(anonymous_3)
FN:27,(anonymous_4)
FN:32,(anonymous_5)
FN:33,(anonymous_6)
FN:61,(anonymous_7)
FNF:8
FNH:0
FNDA:0,_interopRequireDefault
FNDA:0,getStateFromStores
FNDA:0,(anonymous_2)
FNDA:0,(anonymous_3)
FNDA:0,(anonymous_4)
FNDA:0,(anonymous_5)
FNDA:0,(anonymous_6)
FNDA:0,(anonymous_7)
DA:1,0
DA:5,0
DA:8,0
DA:18,0
DA:19,0
DA:33,0
DA:34,0
DA:43,0
DA:46,0
DA:62,0
LF:10
LH:0
BRDA:5,0,0,0
BRDA:5,0,1,0
BRDA:5,1,0,0
BRDA:5,1,1,0
BRDA:43,2,0,0
BRF:5
BRH:0
end_of_record
TN:
SF:/Users/macbook/Documents/github/chat.susi.ai/src/constants/ChatConstants.js
FNF:0
FNH:0
LF:0
LH:0
BRF:0
BRH:0
end_of_record
TN:
SF:/Users/macbook/Documents/github/chat.susi.ai/src/dispatcher/ChatAppDispatcher.js
FNF:0
FNH:0
LF:0
LH:0
BRF:0
BRH:0
end_of_record
TN:
SF:/Users/macbook/Documents/github/chat.susi.ai/src/stores/MessageStore.js
FN:12,_addMessages
FN:13,(anonymous_1)
FN:23,_markAllInThreadRead
FN:68,(anonymous_3)
FN:85,(anonymous_4)
FNF:5
FNH:0
FNDA:0,_addMessages
FNDA:0,(anonymous_1)
FNDA:0,_markAllInThreadRead
FNDA:0,(anonymous_3)
FNDA:0,(anonymous_4)
DA:7,1
DA:8,1
DA:10,1
DA:13,0
DA:14,0
DA:15,0
DA:24,0
DA:25,0
DA:26,0
DA:31,1
DA:35,0
DA:42,1
DA:46,0
DA:50,0
DA:54,0
DA:62,1
DA:63,1
DA:64,0
DA:65,0
DA:68,1
DA:69,0
DA:70,0
DA:71,0
DA:72,0
DA:74,0
DA:76,1
DA:80,1
DA:85,1
DA:87,0
DA:90,0
DA:91,0
DA:92,0
DA:93,0
DA:96,0
DA:97,0
DA:98,0
DA:99,0
DA:103,0
DA:104,0
DA:105,0
DA:106,0
DA:107,0
DA:108,0
DA:111,0
DA:112,0
DA:113,0
DA:114,0
LF:47
LH:11
BRDA:14,0,0,0
BRDA:14,0,1,0
BRDA:25,1,0,0
BRDA:25,1,1,0
BRDA:64,2,0,0
BRDA:64,2,1,0
BRDA:69,3,0,0
BRDA:69,3,1,0
BRDA:71,4,0,0
BRDA:71,4,1,0
BRDA:87,5,0,0
BRDA:87,5,1,0
BRDA:87,5,2,0
BRDA:87,5,3,0
BRDA:87,5,4,0
BRF:15
BRH:0
end_of_record
TN:
SF:/Users/macbook/Documents/github/chat.susi.ai/src/stores/ThreadStore.js
FN:17,(anonymous_0)
FN:73,(anonymous_1)
FN:94,(anonymous_2)
FNF:3
FNH:0
FNDA:0,(anonymous_0)
FNDA:0,(anonymous_1)
FNDA:0,(anonymous_2)
DA:7,1
DA:8,1
DA:10,1
DA:11,1
DA:13,1
DA:17,0
DA:18,0
DA:19,0
DA:20,0
DA:21,0
DA:23,0
DA:30,0
DA:31,0
DA:32,0
DA:35,0
DA:39,0
DA:46,1
DA:53,0
DA:60,1
DA:64,0
DA:68,0
DA:69,0
DA:70,0
DA:71,0
DA:73,0
DA:74,0
DA:75,0
DA:76,0
DA:77,0
DA:79,0
DA:81,0
DA:85,2
DA:89,1
DA:94,1
DA:96,0
DA:99,0
DA:100,0
DA:101,0
DA:102,0
DA:105,0
DA:106,0
DA:107,0
DA:108,0
DA:112,0
DA:113,0
DA:114,0
DA:115,0
DA:116,0
DA:117,0
DA:121,0
DA:122,0
DA:123,0
LF:52
LH:10
BRDA:20,0,0,0
BRDA:20,0,1,0
BRDA:20,1,0,0
BRDA:20,1,1,0
BRDA:30,2,0,0
BRDA:30,2,1,0
BRDA:74,3,0,0
BRDA:74,3,1,0
BRDA:76,4,0,0
BRDA:76,4,1,0
BRDA:96,5,0,0
BRDA:96,5,1,0
BRDA:96,5,2,0
BRDA:96,5,3,0
BRDA:96,5,4,0
BRF:15
BRH:0
end_of_record
TN:
SF:/Users/macbook/Documents/github/chat.susi.ai/src/stores/UnreadThreadStore.js
FN:6,_interopRequireDefault
FN:45,(anonymous_1)
FNF:2
FNH:0
FNDA:0,_interopRequireDefault
FNDA:0,(anonymous_1)
DA:1,0
DA:6,0
DA:8,0
DA:9,0
DA:11,0
DA:15,0
DA:22,0
DA:29,0
DA:33,0
DA:34,0
DA:35,0
DA:36,0
DA:37,0
DA:40,0
DA:45,0
DA:51,0
DA:54,0
DA:55,0
DA:58,0
DA:59,0
LF:20
LH:0
BRDA:6,0,0,0
BRDA:6,0,1,0
BRDA:6,1,0,0
BRDA:6,1,1,0
BRDA:36,2,0,0
BRDA:36,2,1,0
BRDA:51,3,0,0
BRDA:51,3,1,0
BRDA:51,3,2,0
BRF:9
BRH:0
end_of_record
TN:
SF:/Users/macbook/Documents/github/chat.susi.ai/src/utils/ChatMessageUtils.js
FN:1,convertRawMessage
FN:9,getCreatedMessageData
FN:21,getSUSIMessageData
FNF:3
FNH:0
FNDA:0,convertRawMessage
FNDA:0,getCreatedMessageData
FNDA:0,getSUSIMessageData
DA:2,0
DA:10,0
DA:11,0
DA:22,0
DA:24,0
DA:35,0
LF:6
LH:0
BRF:0
BRH:0
end_of_record
TN:
SF:/Users/macbook/Documents/github/chat.susi.ai/src/utils/ChatWebAPIUtils.js
FN:7,createMessage
FN:8,(anonymous_1)
FN:14,getAllMessages
FN:15,(anonymous_3)
FNF:4
FNH:0
FNDA:0,createMessage
FNDA:0,(anonymous_1)
FNDA:0,getAllMessages
FNDA:0,(anonymous_3)
DA:8,0
DA:9,0
DA:10,0
DA:15,0
DA:16,0
LF:5
LH:0
BRF:0
BRH:0
end_of_record
